{"/home/israel/PROJETOS/SimpleWebWorker/simple-web-worker/src/create.js": {"path":"/home/israel/PROJETOS/SimpleWebWorker/simple-web-worker/src/create.js","statementMap":{"0":{"start":{"line":7,"column":16},"end":{"line":13,"column":1}},"1":{"start":{"line":8,"column":2},"end":{"line":12,"column":3}},"2":{"start":{"line":15,"column":22},"end":{"line":27,"column":1}},"3":{"start":{"line":16,"column":2},"end":{"line":24,"column":3}},"4":{"start":{"line":17,"column":4},"end":{"line":23,"column":5}},"5":{"start":{"line":25,"column":2},"end":{"line":25,"column":48}},"6":{"start":{"line":26,"column":2},"end":{"line":26,"column":13}}},"fnMap":{"0":{"name":"(anonymous_0)","decl":{"start":{"line":7,"column":16},"end":{"line":7,"column":17}},"loc":{"start":{"line":7,"column":27},"end":{"line":13,"column":1}},"line":7},"1":{"name":"(anonymous_1)","decl":{"start":{"line":15,"column":22},"end":{"line":15,"column":23}},"loc":{"start":{"line":15,"column":40},"end":{"line":27,"column":1}},"line":15}},"branchMap":{"0":{"loc":{"start":{"line":15,"column":23},"end":{"line":15,"column":35}},"type":"default-arg","locations":[{"start":{"line":15,"column":33},"end":{"line":15,"column":35}}],"line":15},"1":{"loc":{"start":{"line":16,"column":2},"end":{"line":24,"column":3}},"type":"if","locations":[{"start":{"line":16,"column":2},"end":{"line":24,"column":3}},{"start":{"line":16,"column":2},"end":{"line":24,"column":3}}],"line":16}},"s":{"0":1,"1":12,"2":1,"3":16,"4":4,"5":12,"6":12},"f":{"0":12,"1":16},"b":{"0":[2],"1":[4,12]},"_coverageSchema":"332fd63041d2c1bcb487cc26dd0d5f7d97098a6c","hash":"59f75354a88389ff2562c4df0c18c511f3c8d917"}
,"/home/israel/PROJETOS/SimpleWebWorker/simple-web-worker/src/createDisposableWorker.js": {"path":"/home/israel/PROJETOS/SimpleWebWorker/simple-web-worker/src/createDisposableWorker.js","statementMap":{"0":{"start":{"line":1,"column":38},"end":{"line":19,"column":1}},"1":{"start":{"line":2,"column":14},"end":{"line":2,"column":44}},"2":{"start":{"line":3,"column":15},"end":{"line":3,"column":71}},"3":{"start":{"line":4,"column":20},"end":{"line":4,"column":45}},"4":{"start":{"line":5,"column":17},"end":{"line":5,"column":38}},"5":{"start":{"line":6,"column":2},"end":{"line":17,"column":6}},"6":{"start":{"line":7,"column":4},"end":{"line":17,"column":6}},"7":{"start":{"line":8,"column":6},"end":{"line":11,"column":7}},"8":{"start":{"line":9,"column":8},"end":{"line":9,"column":38}},"9":{"start":{"line":10,"column":8},"end":{"line":10,"column":27}},"10":{"start":{"line":12,"column":6},"end":{"line":15,"column":7}},"11":{"start":{"line":13,"column":8},"end":{"line":13,"column":79}},"12":{"start":{"line":14,"column":8},"end":{"line":14,"column":17}},"13":{"start":{"line":16,"column":6},"end":{"line":16,"column":37}},"14":{"start":{"line":18,"column":2},"end":{"line":18,"column":15}}},"fnMap":{"0":{"name":"(anonymous_0)","decl":{"start":{"line":1,"column":38},"end":{"line":1,"column":39}},"loc":{"start":{"line":1,"column":50},"end":{"line":19,"column":1}},"line":1},"1":{"name":"(anonymous_1)","decl":{"start":{"line":6,"column":16},"end":{"line":6,"column":17}},"loc":{"start":{"line":7,"column":4},"end":{"line":17,"column":6}},"line":7},"2":{"name":"(anonymous_2)","decl":{"start":{"line":7,"column":16},"end":{"line":7,"column":17}},"loc":{"start":{"line":7,"column":37},"end":{"line":17,"column":5}},"line":7},"3":{"name":"(anonymous_3)","decl":{"start":{"line":8,"column":25},"end":{"line":8,"column":26}},"loc":{"start":{"line":8,"column":34},"end":{"line":11,"column":7}},"line":8},"4":{"name":"(anonymous_4)","decl":{"start":{"line":12,"column":23},"end":{"line":12,"column":24}},"loc":{"start":{"line":12,"column":28},"end":{"line":15,"column":7}},"line":12}},"branchMap":{"0":{"loc":{"start":{"line":2,"column":14},"end":{"line":2,"column":44}},"type":"binary-expr","locations":[{"start":{"line":2,"column":14},"end":{"line":2,"column":24}},{"start":{"line":2,"column":28},"end":{"line":2,"column":44}}],"line":2}},"s":{"0":3,"1":0,"2":0,"3":0,"4":0,"5":0,"6":0,"7":0,"8":0,"9":0,"10":0,"11":0,"12":0,"13":0,"14":0},"f":{"0":0,"1":0,"2":0,"3":0,"4":0},"b":{"0":[0,0]},"_coverageSchema":"332fd63041d2c1bcb487cc26dd0d5f7d97098a6c","hash":"398f90d5760c063b32398027a28f6744757e8817"}
,"/home/israel/PROJETOS/SimpleWebWorker/simple-web-worker/src/index.js": {"path":"/home/israel/PROJETOS/SimpleWebWorker/simple-web-worker/src/index.js","statementMap":{"0":{"start":{"line":1,"column":13},"end":{"line":1,"column":75}},"1":{"start":{"line":1,"column":89},"end":{"line":1,"column":108}},"2":{"start":{"line":2,"column":11},"end":{"line":2,"column":27}},"3":{"start":{"line":4,"column":20},"end":{"line":14,"column":1}},"4":{"start":{"line":5,"column":2},"end":{"line":8,"column":3}},"5":{"start":{"line":6,"column":4},"end":{"line":6,"column":60}},"6":{"start":{"line":7,"column":4},"end":{"line":7,"column":16}},"7":{"start":{"line":9,"column":2},"end":{"line":12,"column":3}},"8":{"start":{"line":10,"column":4},"end":{"line":10,"column":76}},"9":{"start":{"line":11,"column":4},"end":{"line":11,"column":16}},"10":{"start":{"line":13,"column":2},"end":{"line":13,"column":51}},"11":{"start":{"line":16,"column":20},"end":{"line":16,"column":35}},"12":{"start":{"line":16,"column":36},"end":{"line":18,"column":14}}},"fnMap":{"0":{"name":"createWrapper","decl":{"start":{"line":4,"column":29},"end":{"line":4,"column":42}},"loc":{"start":{"line":4,"column":45},"end":{"line":14,"column":1}},"line":4}},"branchMap":{"0":{"loc":{"start":{"line":5,"column":2},"end":{"line":8,"column":3}},"type":"if","locations":[{"start":{"line":5,"column":2},"end":{"line":8,"column":3}},{"start":{"line":5,"column":2},"end":{"line":8,"column":3}}],"line":5},"1":{"loc":{"start":{"line":9,"column":2},"end":{"line":12,"column":3}},"type":"if","locations":[{"start":{"line":9,"column":2},"end":{"line":12,"column":3}},{"start":{"line":9,"column":2},"end":{"line":12,"column":3}}],"line":9},"2":{"loc":{"start":{"line":9,"column":8},"end":{"line":9,"column":70}},"type":"binary-expr","locations":[{"start":{"line":9,"column":8},"end":{"line":9,"column":34}},{"start":{"line":9,"column":38},"end":{"line":9,"column":70}}],"line":9}},"s":{"0":0,"1":0,"2":0,"3":0,"4":0,"5":0,"6":0,"7":0,"8":0,"9":0,"10":0,"11":0,"12":0},"f":{"0":0},"b":{"0":[0,0],"1":[0,0],"2":[0,0]}}
,"/home/israel/PROJETOS/SimpleWebWorker/simple-web-worker/src/post.js": {"path":"/home/israel/PROJETOS/SimpleWebWorker/simple-web-worker/src/post.js","statementMap":{"0":{"start":{"line":4,"column":17},"end":{"line":7,"column":1}},"1":{"start":{"line":5,"column":2},"end":{"line":5,"column":73}},"2":{"start":{"line":6,"column":2},"end":{"line":6,"column":60}},"3":{"start":{"line":9,"column":20},"end":{"line":26,"column":1}},"4":{"start":{"line":9,"column":31},"end":{"line":26,"column":1}},"5":{"start":{"line":10,"column":23},"end":{"line":10,"column":45}},"6":{"start":{"line":11,"column":20},"end":{"line":11,"column":57}},"7":{"start":{"line":12,"column":2},"end":{"line":21,"column":3}},"8":{"start":{"line":13,"column":17},"end":{"line":16,"column":12}},"9":{"start":{"line":14,"column":31},"end":{"line":14,"column":78}},"10":{"start":{"line":15,"column":21},"end":{"line":15,"column":32}},"11":{"start":{"line":18,"column":4},"end":{"line":18,"column":58}},"12":{"start":{"line":18,"column":15},"end":{"line":18,"column":58}},"13":{"start":{"line":19,"column":4},"end":{"line":19,"column":36}},"14":{"start":{"line":19,"column":14},"end":{"line":19,"column":36}},"15":{"start":{"line":20,"column":4},"end":{"line":20,"column":20}},"16":{"start":{"line":23,"column":2},"end":{"line":23,"column":90}},"17":{"start":{"line":23,"column":21},"end":{"line":23,"column":90}},"18":{"start":{"line":24,"column":2},"end":{"line":24,"column":88}},"19":{"start":{"line":24,"column":18},"end":{"line":24,"column":88}},"20":{"start":{"line":25,"column":2},"end":{"line":25,"column":13}}},"fnMap":{"0":{"name":"(anonymous_0)","decl":{"start":{"line":4,"column":17},"end":{"line":4,"column":18}},"loc":{"start":{"line":4,"column":24},"end":{"line":7,"column":1}},"line":4},"1":{"name":"(anonymous_1)","decl":{"start":{"line":9,"column":20},"end":{"line":9,"column":21}},"loc":{"start":{"line":9,"column":31},"end":{"line":26,"column":1}},"line":9},"2":{"name":"(anonymous_2)","decl":{"start":{"line":9,"column":31},"end":{"line":9,"column":32}},"loc":{"start":{"line":9,"column":53},"end":{"line":26,"column":1}},"line":9},"3":{"name":"(anonymous_3)","decl":{"start":{"line":14,"column":14},"end":{"line":14,"column":15}},"loc":{"start":{"line":14,"column":31},"end":{"line":14,"column":78}},"line":14},"4":{"name":"(anonymous_4)","decl":{"start":{"line":15,"column":11},"end":{"line":15,"column":12}},"loc":{"start":{"line":15,"column":21},"end":{"line":15,"column":32}},"line":15}},"branchMap":{"0":{"loc":{"start":{"line":9,"column":32},"end":{"line":9,"column":42}},"type":"default-arg","locations":[{"start":{"line":9,"column":38},"end":{"line":9,"column":42}}],"line":9},"1":{"loc":{"start":{"line":12,"column":2},"end":{"line":21,"column":3}},"type":"if","locations":[{"start":{"line":12,"column":2},"end":{"line":21,"column":3}},{"start":{"line":12,"column":2},"end":{"line":21,"column":3}}],"line":12},"2":{"loc":{"start":{"line":12,"column":6},"end":{"line":12,"column":31}},"type":"binary-expr","locations":[{"start":{"line":12,"column":6},"end":{"line":12,"column":18}},{"start":{"line":12,"column":22},"end":{"line":12,"column":31}}],"line":12},"3":{"loc":{"start":{"line":18,"column":4},"end":{"line":18,"column":58}},"type":"if","locations":[{"start":{"line":18,"column":4},"end":{"line":18,"column":58}},{"start":{"line":18,"column":4},"end":{"line":18,"column":58}}],"line":18},"4":{"loc":{"start":{"line":19,"column":4},"end":{"line":19,"column":36}},"type":"if","locations":[{"start":{"line":19,"column":4},"end":{"line":19,"column":36}},{"start":{"line":19,"column":4},"end":{"line":19,"column":36}}],"line":19},"5":{"loc":{"start":{"line":23,"column":2},"end":{"line":23,"column":90}},"type":"if","locations":[{"start":{"line":23,"column":2},"end":{"line":23,"column":90}},{"start":{"line":23,"column":2},"end":{"line":23,"column":90}}],"line":23},"6":{"loc":{"start":{"line":24,"column":2},"end":{"line":24,"column":88}},"type":"if","locations":[{"start":{"line":24,"column":2},"end":{"line":24,"column":88}},{"start":{"line":24,"column":2},"end":{"line":24,"column":88}}],"line":24}},"s":{"0":2,"1":2,"2":2,"3":2,"4":5,"5":41,"6":41,"7":41,"8":14,"9":56,"10":12,"11":14,"12":2,"13":12,"14":6,"15":6,"16":27,"17":15,"18":27,"19":12,"20":27},"f":{"0":2,"1":5,"2":41,"3":56,"4":12},"b":{"0":[3],"1":[14,27],"2":[41,26],"3":[2,12],"4":[6,6],"5":[15,12],"6":[12,15]},"_coverageSchema":"332fd63041d2c1bcb487cc26dd0d5f7d97098a6c","hash":"f62e49db8b9da7440496e6690ef0b1613b5146de"}
,"/home/israel/PROJETOS/SimpleWebWorker/simple-web-worker/src/postAll.js": {"path":"/home/israel/PROJETOS/SimpleWebWorker/simple-web-worker/src/postAll.js","statementMap":{"0":{"start":{"line":4,"column":23},"end":{"line":12,"column":1}},"1":{"start":{"line":5,"column":2},"end":{"line":11,"column":3}},"2":{"start":{"line":14,"column":2},"end":{"line":28,"column":3}},"3":{"start":{"line":15,"column":4},"end":{"line":15,"column":106}},"4":{"start":{"line":15,"column":26},"end":{"line":15,"column":106}},"5":{"start":{"line":15,"column":79},"end":{"line":15,"column":104}},"6":{"start":{"line":17,"column":4},"end":{"line":19,"column":5}},"7":{"start":{"line":17,"column":26},"end":{"line":17,"column":50}},"8":{"start":{"line":18,"column":6},"end":{"line":18,"column":63}},"9":{"start":{"line":18,"column":40},"end":{"line":18,"column":61}},"10":{"start":{"line":21,"column":4},"end":{"line":23,"column":5}},"11":{"start":{"line":21,"column":26},"end":{"line":21,"column":74}},"12":{"start":{"line":22,"column":6},"end":{"line":22,"column":89}},"13":{"start":{"line":22,"column":56},"end":{"line":22,"column":87}},"14":{"start":{"line":25,"column":4},"end":{"line":27,"column":5}},"15":{"start":{"line":25,"column":26},"end":{"line":25,"column":45}},"16":{"start":{"line":26,"column":6},"end":{"line":26,"column":103}},"17":{"start":{"line":26,"column":50},"end":{"line":26,"column":101}},"18":{"start":{"line":30,"column":2},"end":{"line":30,"column":51}},"19":{"start":{"line":31,"column":2},"end":{"line":31,"column":13}}},"fnMap":{"0":{"name":"(anonymous_0)","decl":{"start":{"line":4,"column":23},"end":{"line":4,"column":24}},"loc":{"start":{"line":4,"column":30},"end":{"line":12,"column":1}},"line":4},"1":{"name":"postAll","decl":{"start":{"line":13,"column":16},"end":{"line":13,"column":23}},"loc":{"start":{"line":13,"column":35},"end":{"line":32,"column":1}},"line":13},"2":{"name":"(anonymous_2)","decl":{"start":{"line":15,"column":62},"end":{"line":15,"column":63}},"loc":{"start":{"line":15,"column":79},"end":{"line":15,"column":104}},"line":15},"3":{"name":"(anonymous_3)","decl":{"start":{"line":17,"column":18},"end":{"line":17,"column":19}},"loc":{"start":{"line":17,"column":26},"end":{"line":17,"column":50}},"line":17},"4":{"name":"(anonymous_4)","decl":{"start":{"line":18,"column":33},"end":{"line":18,"column":34}},"loc":{"start":{"line":18,"column":40},"end":{"line":18,"column":61}},"line":18},"5":{"name":"(anonymous_5)","decl":{"start":{"line":21,"column":18},"end":{"line":21,"column":19}},"loc":{"start":{"line":21,"column":26},"end":{"line":21,"column":74}},"line":21},"6":{"name":"(anonymous_6)","decl":{"start":{"line":22,"column":33},"end":{"line":22,"column":34}},"loc":{"start":{"line":22,"column":56},"end":{"line":22,"column":87}},"line":22},"7":{"name":"(anonymous_7)","decl":{"start":{"line":25,"column":18},"end":{"line":25,"column":19}},"loc":{"start":{"line":25,"column":26},"end":{"line":25,"column":45}},"line":25},"8":{"name":"(anonymous_8)","decl":{"start":{"line":26,"column":33},"end":{"line":26,"column":34}},"loc":{"start":{"line":26,"column":50},"end":{"line":26,"column":101}},"line":26}},"branchMap":{"0":{"loc":{"start":{"line":13,"column":25},"end":{"line":13,"column":33}},"type":"default-arg","locations":[{"start":{"line":13,"column":31},"end":{"line":13,"column":33}}],"line":13},"1":{"loc":{"start":{"line":14,"column":2},"end":{"line":28,"column":3}},"type":"if","locations":[{"start":{"line":14,"column":2},"end":{"line":28,"column":3}},{"start":{"line":14,"column":2},"end":{"line":28,"column":3}}],"line":14},"2":{"loc":{"start":{"line":15,"column":4},"end":{"line":15,"column":106}},"type":"if","locations":[{"start":{"line":15,"column":4},"end":{"line":15,"column":106}},{"start":{"line":15,"column":4},"end":{"line":15,"column":106}}],"line":15},"3":{"loc":{"start":{"line":17,"column":4},"end":{"line":19,"column":5}},"type":"if","locations":[{"start":{"line":17,"column":4},"end":{"line":19,"column":5}},{"start":{"line":17,"column":4},"end":{"line":19,"column":5}}],"line":17},"4":{"loc":{"start":{"line":21,"column":4},"end":{"line":23,"column":5}},"type":"if","locations":[{"start":{"line":21,"column":4},"end":{"line":23,"column":5}},{"start":{"line":21,"column":4},"end":{"line":23,"column":5}}],"line":21},"5":{"loc":{"start":{"line":21,"column":26},"end":{"line":21,"column":74}},"type":"binary-expr","locations":[{"start":{"line":21,"column":26},"end":{"line":21,"column":50}},{"start":{"line":21,"column":54},"end":{"line":21,"column":74}}],"line":21},"6":{"loc":{"start":{"line":25,"column":4},"end":{"line":27,"column":5}},"type":"if","locations":[{"start":{"line":25,"column":4},"end":{"line":27,"column":5}},{"start":{"line":25,"column":4},"end":{"line":27,"column":5}}],"line":25},"7":{"loc":{"start":{"line":25,"column":8},"end":{"line":25,"column":84}},"type":"binary-expr","locations":[{"start":{"line":25,"column":8},"end":{"line":25,"column":46}},{"start":{"line":25,"column":50},"end":{"line":25,"column":84}}],"line":25}},"s":{"0":2,"1":30,"2":38,"3":10,"4":1,"5":4,"6":9,"7":10,"8":2,"9":3,"10":7,"11":8,"12":2,"13":3,"14":5,"15":14,"16":3,"17":12,"18":30,"19":30},"f":{"0":30,"1":38,"2":4,"3":10,"4":3,"5":8,"6":3,"7":14,"8":12},"b":{"0":[1],"1":[10,28],"2":[1,9],"3":[2,7],"4":[2,5],"5":[8,8],"6":[3,2],"7":[5,5]},"_coverageSchema":"332fd63041d2c1bcb487cc26dd0d5f7d97098a6c","hash":"989fd4ce089b1b192e6f81de54bc5a9dad4e0e8a"}
,"/home/israel/PROJETOS/SimpleWebWorker/simple-web-worker/src/register.js": {"path":"/home/israel/PROJETOS/SimpleWebWorker/simple-web-worker/src/register.js","statementMap":{"0":{"start":{"line":3,"column":19},"end":{"line":4,"column":62}},"1":{"start":{"line":3,"column":30},"end":{"line":4,"column":62}},"2":{"start":{"line":4,"column":2},"end":{"line":4,"column":62}},"3":{"start":{"line":4,"column":25},"end":{"line":4,"column":61}},"4":{"start":{"line":6,"column":16},"end":{"line":7,"column":90}},"5":{"start":{"line":7,"column":2},"end":{"line":7,"column":90}},"6":{"start":{"line":9,"column":17},"end":{"line":15,"column":1}},"7":{"start":{"line":9,"column":28},"end":{"line":15,"column":1}},"8":{"start":{"line":10,"column":2},"end":{"line":13,"column":3}},"9":{"start":{"line":11,"column":4},"end":{"line":11,"column":33}},"10":{"start":{"line":12,"column":4},"end":{"line":12,"column":25}},"11":{"start":{"line":14,"column":2},"end":{"line":14,"column":29}},"12":{"start":{"line":17,"column":23},"end":{"line":23,"column":1}},"13":{"start":{"line":18,"column":2},"end":{"line":22,"column":3}},"14":{"start":{"line":25,"column":24},"end":{"line":38,"column":1}},"15":{"start":{"line":25,"column":35},"end":{"line":38,"column":1}},"16":{"start":{"line":26,"column":2},"end":{"line":35,"column":3}},"17":{"start":{"line":27,"column":4},"end":{"line":32,"column":5}},"18":{"start":{"line":28,"column":6},"end":{"line":31,"column":24}},"19":{"start":{"line":29,"column":8},"end":{"line":29,"column":33}},"20":{"start":{"line":30,"column":8},"end":{"line":30,"column":22}},"21":{"start":{"line":34,"column":4},"end":{"line":34,"column":36}},"22":{"start":{"line":36,"column":2},"end":{"line":36,"column":56}},"23":{"start":{"line":37,"column":2},"end":{"line":37,"column":13}}},"fnMap":{"0":{"name":"(anonymous_0)","decl":{"start":{"line":3,"column":19},"end":{"line":3,"column":20}},"loc":{"start":{"line":3,"column":30},"end":{"line":4,"column":62}},"line":3},"1":{"name":"(anonymous_1)","decl":{"start":{"line":3,"column":30},"end":{"line":3,"column":31}},"loc":{"start":{"line":4,"column":2},"end":{"line":4,"column":62}},"line":4},"2":{"name":"(anonymous_2)","decl":{"start":{"line":4,"column":15},"end":{"line":4,"column":16}},"loc":{"start":{"line":4,"column":25},"end":{"line":4,"column":61}},"line":4},"3":{"name":"(anonymous_3)","decl":{"start":{"line":6,"column":16},"end":{"line":6,"column":17}},"loc":{"start":{"line":7,"column":2},"end":{"line":7,"column":90}},"line":7},"4":{"name":"(anonymous_4)","decl":{"start":{"line":9,"column":17},"end":{"line":9,"column":18}},"loc":{"start":{"line":9,"column":28},"end":{"line":15,"column":1}},"line":9},"5":{"name":"(anonymous_5)","decl":{"start":{"line":9,"column":28},"end":{"line":9,"column":29}},"loc":{"start":{"line":9,"column":38},"end":{"line":15,"column":1}},"line":9},"6":{"name":"(anonymous_6)","decl":{"start":{"line":17,"column":23},"end":{"line":17,"column":24}},"loc":{"start":{"line":17,"column":33},"end":{"line":23,"column":1}},"line":17},"7":{"name":"(anonymous_7)","decl":{"start":{"line":25,"column":24},"end":{"line":25,"column":25}},"loc":{"start":{"line":25,"column":35},"end":{"line":38,"column":1}},"line":25},"8":{"name":"(anonymous_8)","decl":{"start":{"line":25,"column":35},"end":{"line":25,"column":36}},"loc":{"start":{"line":25,"column":54},"end":{"line":38,"column":1}},"line":25},"9":{"name":"(anonymous_9)","decl":{"start":{"line":28,"column":27},"end":{"line":28,"column":28}},"loc":{"start":{"line":28,"column":48},"end":{"line":31,"column":7}},"line":28}},"branchMap":{"0":{"loc":{"start":{"line":10,"column":2},"end":{"line":13,"column":3}},"type":"if","locations":[{"start":{"line":10,"column":2},"end":{"line":13,"column":3}},{"start":{"line":10,"column":2},"end":{"line":13,"column":3}}],"line":10},"1":{"loc":{"start":{"line":25,"column":36},"end":{"line":25,"column":49}},"type":"default-arg","locations":[{"start":{"line":25,"column":45},"end":{"line":25,"column":49}}],"line":25},"2":{"loc":{"start":{"line":26,"column":2},"end":{"line":35,"column":3}},"type":"if","locations":[{"start":{"line":26,"column":2},"end":{"line":35,"column":3}},{"start":{"line":26,"column":2},"end":{"line":35,"column":3}}],"line":26},"3":{"loc":{"start":{"line":27,"column":4},"end":{"line":32,"column":5}},"type":"if","locations":[{"start":{"line":27,"column":4},"end":{"line":32,"column":5}},{"start":{"line":27,"column":4},"end":{"line":32,"column":5}}],"line":27}},"s":{"0":2,"1":24,"2":24,"3":32,"4":2,"5":10,"6":2,"7":24,"8":24,"9":10,"10":10,"11":14,"12":2,"13":10,"14":2,"15":28,"16":24,"17":14,"18":8,"19":18,"20":18,"21":6,"22":10,"23":10},"f":{"0":24,"1":24,"2":32,"3":10,"4":24,"5":24,"6":10,"7":28,"8":24,"9":18},"b":{"0":[10,14],"1":[2],"2":[14,10],"3":[8,6]},"_coverageSchema":"332fd63041d2c1bcb487cc26dd0d5f7d97098a6c","hash":"4fe7006fa08a2a23e2032a60179e2d96eb263efe"}
,"/home/israel/PROJETOS/SimpleWebWorker/simple-web-worker/src/run.js": {"path":"/home/israel/PROJETOS/SimpleWebWorker/simple-web-worker/src/run.js","statementMap":{"0":{"start":{"line":4,"column":19},"end":{"line":14,"column":1}},"1":{"start":{"line":5,"column":20},"end":{"line":5,"column":45}},"2":{"start":{"line":6,"column":20},"end":{"line":6,"column":57}},"3":{"start":{"line":7,"column":2},"end":{"line":10,"column":3}},"4":{"start":{"line":8,"column":19},"end":{"line":8,"column":61}},"5":{"start":{"line":9,"column":4},"end":{"line":9,"column":32}},"6":{"start":{"line":11,"column":2},"end":{"line":11,"column":90}},"7":{"start":{"line":11,"column":18},"end":{"line":11,"column":90}},"8":{"start":{"line":12,"column":2},"end":{"line":12,"column":88}},"9":{"start":{"line":12,"column":18},"end":{"line":12,"column":88}},"10":{"start":{"line":13,"column":2},"end":{"line":13,"column":13}}},"fnMap":{"0":{"name":"(anonymous_0)","decl":{"start":{"line":4,"column":19},"end":{"line":4,"column":20}},"loc":{"start":{"line":4,"column":42},"end":{"line":14,"column":1}},"line":4}},"branchMap":{"0":{"loc":{"start":{"line":4,"column":20},"end":{"line":4,"column":31}},"type":"default-arg","locations":[{"start":{"line":4,"column":27},"end":{"line":4,"column":31}}],"line":4},"1":{"loc":{"start":{"line":7,"column":2},"end":{"line":10,"column":3}},"type":"if","locations":[{"start":{"line":7,"column":2},"end":{"line":10,"column":3}},{"start":{"line":7,"column":2},"end":{"line":10,"column":3}}],"line":7},"2":{"loc":{"start":{"line":7,"column":6},"end":{"line":7,"column":28}},"type":"binary-expr","locations":[{"start":{"line":7,"column":6},"end":{"line":7,"column":15}},{"start":{"line":7,"column":19},"end":{"line":7,"column":28}}],"line":7},"3":{"loc":{"start":{"line":11,"column":2},"end":{"line":11,"column":90}},"type":"if","locations":[{"start":{"line":11,"column":2},"end":{"line":11,"column":90}},{"start":{"line":11,"column":2},"end":{"line":11,"column":90}}],"line":11},"4":{"loc":{"start":{"line":12,"column":2},"end":{"line":12,"column":88}},"type":"if","locations":[{"start":{"line":12,"column":2},"end":{"line":12,"column":88}},{"start":{"line":12,"column":2},"end":{"line":12,"column":88}}],"line":12}},"s":{"0":3,"1":36,"2":36,"3":36,"4":22,"5":22,"6":14,"7":8,"8":14,"9":6,"10":14},"f":{"0":36},"b":{"0":[2],"1":[22,14],"2":[36,28],"3":[8,6],"4":[6,8]},"_coverageSchema":"332fd63041d2c1bcb487cc26dd0d5f7d97098a6c","hash":"ae6ade046d80bec8b4633c29ea12879eba25f95b"}
,"/home/israel/PROJETOS/SimpleWebWorker/simple-web-worker/src/unregister.js": {"path":"/home/israel/PROJETOS/SimpleWebWorker/simple-web-worker/src/unregister.js","statementMap":{"0":{"start":{"line":3,"column":19},"end":{"line":9,"column":1}},"1":{"start":{"line":3,"column":30},"end":{"line":9,"column":1}},"2":{"start":{"line":4,"column":16},"end":{"line":4,"column":67}},"3":{"start":{"line":4,"column":51},"end":{"line":4,"column":66}},"4":{"start":{"line":5,"column":2},"end":{"line":7,"column":30}},"5":{"start":{"line":8,"column":2},"end":{"line":8,"column":16}},"6":{"start":{"line":11,"column":20},"end":{"line":16,"column":1}},"7":{"start":{"line":12,"column":2},"end":{"line":15,"column":3}},"8":{"start":{"line":18,"column":26},"end":{"line":31,"column":1}},"9":{"start":{"line":18,"column":37},"end":{"line":31,"column":1}},"10":{"start":{"line":19,"column":2},"end":{"line":27,"column":3}},"11":{"start":{"line":20,"column":4},"end":{"line":25,"column":5}},"12":{"start":{"line":21,"column":6},"end":{"line":24,"column":24}},"13":{"start":{"line":22,"column":8},"end":{"line":22,"column":36}},"14":{"start":{"line":23,"column":8},"end":{"line":23,"column":22}},"15":{"start":{"line":26,"column":4},"end":{"line":26,"column":42}},"16":{"start":{"line":29,"column":2},"end":{"line":29,"column":48}},"17":{"start":{"line":30,"column":2},"end":{"line":30,"column":13}}},"fnMap":{"0":{"name":"(anonymous_0)","decl":{"start":{"line":3,"column":19},"end":{"line":3,"column":20}},"loc":{"start":{"line":3,"column":30},"end":{"line":9,"column":1}},"line":3},"1":{"name":"(anonymous_1)","decl":{"start":{"line":3,"column":30},"end":{"line":3,"column":31}},"loc":{"start":{"line":3,"column":37},"end":{"line":9,"column":1}},"line":3},"2":{"name":"(anonymous_2)","decl":{"start":{"line":4,"column":34},"end":{"line":4,"column":35}},"loc":{"start":{"line":4,"column":51},"end":{"line":4,"column":66}},"line":4},"3":{"name":"(anonymous_3)","decl":{"start":{"line":11,"column":20},"end":{"line":11,"column":21}},"loc":{"start":{"line":11,"column":27},"end":{"line":16,"column":1}},"line":11},"4":{"name":"(anonymous_4)","decl":{"start":{"line":18,"column":26},"end":{"line":18,"column":27}},"loc":{"start":{"line":18,"column":37},"end":{"line":31,"column":1}},"line":18},"5":{"name":"(anonymous_5)","decl":{"start":{"line":18,"column":37},"end":{"line":18,"column":38}},"loc":{"start":{"line":18,"column":53},"end":{"line":31,"column":1}},"line":18},"6":{"name":"(anonymous_6)","decl":{"start":{"line":21,"column":24},"end":{"line":21,"column":25}},"loc":{"start":{"line":21,"column":46},"end":{"line":24,"column":7}},"line":21}},"branchMap":{"0":{"loc":{"start":{"line":5,"column":2},"end":{"line":7,"column":30}},"type":"cond-expr","locations":[{"start":{"line":6,"column":6},"end":{"line":6,"column":130}},{"start":{"line":7,"column":6},"end":{"line":7,"column":30}}],"line":5},"1":{"loc":{"start":{"line":18,"column":38},"end":{"line":18,"column":48}},"type":"default-arg","locations":[{"start":{"line":18,"column":44},"end":{"line":18,"column":48}}],"line":18},"2":{"loc":{"start":{"line":19,"column":2},"end":{"line":27,"column":3}},"type":"if","locations":[{"start":{"line":19,"column":2},"end":{"line":27,"column":3}},{"start":{"line":19,"column":2},"end":{"line":27,"column":3}}],"line":19},"3":{"loc":{"start":{"line":20,"column":4},"end":{"line":25,"column":5}},"type":"if","locations":[{"start":{"line":20,"column":4},"end":{"line":25,"column":5}},{"start":{"line":20,"column":4},"end":{"line":25,"column":5}}],"line":20}},"s":{"0":2,"1":16,"2":16,"3":20,"4":16,"5":16,"6":2,"7":10,"8":2,"9":24,"10":20,"11":10,"12":6,"13":12,"14":12,"15":4,"16":10,"17":10},"f":{"0":16,"1":16,"2":20,"3":10,"4":24,"5":20,"6":12},"b":{"0":[8,8],"1":[2],"2":[10,10],"3":[6,4]},"_coverageSchema":"332fd63041d2c1bcb487cc26dd0d5f7d97098a6c","hash":"8f018bc3c078f3ac1da9da18a86e1f0b4dffa636"}
,"/home/israel/PROJETOS/SimpleWebWorker/simple-web-worker/src/utils.js": {"path":"/home/israel/PROJETOS/SimpleWebWorker/simple-web-worker/src/utils.js","statementMap":{"0":{"start":{"line":2,"column":26},"end":{"line":3,"column":82}},"1":{"start":{"line":2,"column":36},"end":{"line":3,"column":82}},"2":{"start":{"line":3,"column":2},"end":{"line":3,"column":82}},"3":{"start":{"line":3,"column":56},"end":{"line":3,"column":81}},"4":{"start":{"line":5,"column":22},"end":{"line":8,"column":1}},"5":{"start":{"line":6,"column":2},"end":{"line":7,"column":69}},"6":{"start":{"line":10,"column":28},"end":{"line":10,"column":59}},"7":{"start":{"line":10,"column":35},"end":{"line":10,"column":59}},"8":{"start":{"line":12,"column":26},"end":{"line":15,"column":1}},"9":{"start":{"line":13,"column":2},"end":{"line":14,"column":62}},"10":{"start":{"line":17,"column":31},"end":{"line":17,"column":66}},"11":{"start":{"line":17,"column":38},"end":{"line":17,"column":66}},"12":{"start":{"line":19,"column":28},"end":{"line":20,"column":38}},"13":{"start":{"line":19,"column":35},"end":{"line":20,"column":38}},"14":{"start":{"line":20,"column":2},"end":{"line":20,"column":38}},"15":{"start":{"line":22,"column":18},"end":{"line":28,"column":1}},"16":{"start":{"line":23,"column":25},"end":{"line":23,"column":49}},"17":{"start":{"line":24,"column":24},"end":{"line":24,"column":62}},"18":{"start":{"line":24,"column":42},"end":{"line":24,"column":61}},"19":{"start":{"line":25,"column":25},"end":{"line":25,"column":51}},"20":{"start":{"line":26,"column":28},"end":{"line":26,"column":55}},"21":{"start":{"line":27,"column":25},"end":{"line":27,"column":68}},"22":{"start":{"line":27,"column":43},"end":{"line":27,"column":67}},"23":{"start":{"line":30,"column":19},"end":{"line":41,"column":1}},"24":{"start":{"line":30,"column":26},"end":{"line":41,"column":1}},"25":{"start":{"line":31,"column":2},"end":{"line":31,"column":42}},"26":{"start":{"line":31,"column":23},"end":{"line":31,"column":42}},"27":{"start":{"line":32,"column":2},"end":{"line":32,"column":52}},"28":{"start":{"line":32,"column":28},"end":{"line":32,"column":52}},"29":{"start":{"line":33,"column":2},"end":{"line":33,"column":50}},"30":{"start":{"line":33,"column":25},"end":{"line":33,"column":50}},"31":{"start":{"line":34,"column":2},"end":{"line":38,"column":3}},"32":{"start":{"line":35,"column":4},"end":{"line":35,"column":58}},"33":{"start":{"line":35,"column":46},"end":{"line":35,"column":58}},"34":{"start":{"line":36,"column":4},"end":{"line":36,"column":37}},"35":{"start":{"line":36,"column":26},"end":{"line":36,"column":37}},"36":{"start":{"line":37,"column":4},"end":{"line":37,"column":31}},"37":{"start":{"line":39,"column":2},"end":{"line":39,"column":48}},"38":{"start":{"line":39,"column":11},"end":{"line":39,"column":48}},"39":{"start":{"line":40,"column":2},"end":{"line":40,"column":14}},"40":{"start":{"line":43,"column":16},"end":{"line":47,"column":1}},"41":{"start":{"line":43,"column":28},"end":{"line":47,"column":1}},"42":{"start":{"line":44,"column":2},"end":{"line":44,"column":81}},"43":{"start":{"line":44,"column":28},"end":{"line":44,"column":81}},"44":{"start":{"line":44,"column":54},"end":{"line":44,"column":80}},"45":{"start":{"line":45,"column":2},"end":{"line":45,"column":46}},"46":{"start":{"line":45,"column":35},"end":{"line":45,"column":46}},"47":{"start":{"line":46,"column":2},"end":{"line":46,"column":14}},"48":{"start":{"line":50,"column":22},"end":{"line":59,"column":1}},"49":{"start":{"line":51,"column":2},"end":{"line":58,"column":3}},"50":{"start":{"line":52,"column":4},"end":{"line":52,"column":126}},"51":{"start":{"line":54,"column":4},"end":{"line":56,"column":5}},"52":{"start":{"line":55,"column":6},"end":{"line":55,"column":133}},"53":{"start":{"line":57,"column":4},"end":{"line":57,"column":13}},"54":{"start":{"line":62,"column":21},"end":{"line":72,"column":1}},"55":{"start":{"line":62,"column":29},"end":{"line":72,"column":1}}},"fnMap":{"0":{"name":"(anonymous_0)","decl":{"start":{"line":2,"column":26},"end":{"line":2,"column":27}},"loc":{"start":{"line":2,"column":36},"end":{"line":3,"column":82}},"line":2},"1":{"name":"(anonymous_1)","decl":{"start":{"line":2,"column":36},"end":{"line":2,"column":37}},"loc":{"start":{"line":3,"column":2},"end":{"line":3,"column":82}},"line":3},"2":{"name":"(anonymous_2)","decl":{"start":{"line":3,"column":47},"end":{"line":3,"column":48}},"loc":{"start":{"line":3,"column":56},"end":{"line":3,"column":81}},"line":3},"3":{"name":"(anonymous_3)","decl":{"start":{"line":5,"column":22},"end":{"line":5,"column":23}},"loc":{"start":{"line":5,"column":29},"end":{"line":8,"column":1}},"line":5},"4":{"name":"(anonymous_4)","decl":{"start":{"line":10,"column":28},"end":{"line":10,"column":29}},"loc":{"start":{"line":10,"column":35},"end":{"line":10,"column":59}},"line":10},"5":{"name":"(anonymous_5)","decl":{"start":{"line":12,"column":26},"end":{"line":12,"column":27}},"loc":{"start":{"line":12,"column":33},"end":{"line":15,"column":1}},"line":12},"6":{"name":"(anonymous_6)","decl":{"start":{"line":17,"column":31},"end":{"line":17,"column":32}},"loc":{"start":{"line":17,"column":38},"end":{"line":17,"column":66}},"line":17},"7":{"name":"(anonymous_7)","decl":{"start":{"line":19,"column":28},"end":{"line":19,"column":29}},"loc":{"start":{"line":19,"column":35},"end":{"line":20,"column":38}},"line":19},"8":{"name":"(anonymous_8)","decl":{"start":{"line":19,"column":35},"end":{"line":19,"column":36}},"loc":{"start":{"line":20,"column":2},"end":{"line":20,"column":38}},"line":20},"9":{"name":"(anonymous_9)","decl":{"start":{"line":23,"column":18},"end":{"line":23,"column":19}},"loc":{"start":{"line":23,"column":25},"end":{"line":23,"column":49}},"line":23},"10":{"name":"(anonymous_10)","decl":{"start":{"line":24,"column":17},"end":{"line":24,"column":18}},"loc":{"start":{"line":24,"column":24},"end":{"line":24,"column":62}},"line":24},"11":{"name":"(anonymous_11)","decl":{"start":{"line":24,"column":34},"end":{"line":24,"column":35}},"loc":{"start":{"line":24,"column":42},"end":{"line":24,"column":61}},"line":24},"12":{"name":"(anonymous_12)","decl":{"start":{"line":25,"column":18},"end":{"line":25,"column":19}},"loc":{"start":{"line":25,"column":25},"end":{"line":25,"column":51}},"line":25},"13":{"name":"(anonymous_13)","decl":{"start":{"line":26,"column":21},"end":{"line":26,"column":22}},"loc":{"start":{"line":26,"column":28},"end":{"line":26,"column":55}},"line":26},"14":{"name":"(anonymous_14)","decl":{"start":{"line":27,"column":18},"end":{"line":27,"column":19}},"loc":{"start":{"line":27,"column":25},"end":{"line":27,"column":68}},"line":27},"15":{"name":"(anonymous_15)","decl":{"start":{"line":27,"column":35},"end":{"line":27,"column":36}},"loc":{"start":{"line":27,"column":43},"end":{"line":27,"column":67}},"line":27},"16":{"name":"(anonymous_16)","decl":{"start":{"line":30,"column":19},"end":{"line":30,"column":20}},"loc":{"start":{"line":30,"column":26},"end":{"line":41,"column":1}},"line":30},"17":{"name":"(anonymous_17)","decl":{"start":{"line":30,"column":26},"end":{"line":30,"column":27}},"loc":{"start":{"line":30,"column":34},"end":{"line":41,"column":1}},"line":30},"18":{"name":"(anonymous_18)","decl":{"start":{"line":43,"column":16},"end":{"line":43,"column":17}},"loc":{"start":{"line":43,"column":28},"end":{"line":47,"column":1}},"line":43},"19":{"name":"(anonymous_19)","decl":{"start":{"line":43,"column":28},"end":{"line":43,"column":29}},"loc":{"start":{"line":43,"column":46},"end":{"line":47,"column":1}},"line":43},"20":{"name":"(anonymous_20)","decl":{"start":{"line":44,"column":46},"end":{"line":44,"column":47}},"loc":{"start":{"line":44,"column":54},"end":{"line":44,"column":80}},"line":44},"21":{"name":"(anonymous_21)","decl":{"start":{"line":50,"column":22},"end":{"line":50,"column":23}},"loc":{"start":{"line":50,"column":71},"end":{"line":59,"column":1}},"line":50},"22":{"name":"(anonymous_22)","decl":{"start":{"line":62,"column":21},"end":{"line":62,"column":22}},"loc":{"start":{"line":62,"column":29},"end":{"line":72,"column":1}},"line":62}},"branchMap":{"0":{"loc":{"start":{"line":3,"column":2},"end":{"line":3,"column":82}},"type":"binary-expr","locations":[{"start":{"line":3,"column":2},"end":{"line":3,"column":7}},{"start":{"line":3,"column":11},"end":{"line":3,"column":30}},{"start":{"line":3,"column":34},"end":{"line":3,"column":82}}],"line":3},"1":{"loc":{"start":{"line":6,"column":9},"end":{"line":7,"column":69}},"type":"binary-expr","locations":[{"start":{"line":6,"column":9},"end":{"line":6,"column":52}},{"start":{"line":7,"column":4},"end":{"line":7,"column":34}},{"start":{"line":7,"column":38},"end":{"line":7,"column":69}}],"line":6},"2":{"loc":{"start":{"line":13,"column":9},"end":{"line":14,"column":62}},"type":"binary-expr","locations":[{"start":{"line":13,"column":9},"end":{"line":13,"column":52}},{"start":{"line":14,"column":4},"end":{"line":14,"column":27}},{"start":{"line":14,"column":31},"end":{"line":14,"column":62}}],"line":13},"3":{"loc":{"start":{"line":19,"column":36},"end":{"line":19,"column":47}},"type":"default-arg","locations":[{"start":{"line":19,"column":45},"end":{"line":19,"column":47}}],"line":19},"4":{"loc":{"start":{"line":31,"column":2},"end":{"line":31,"column":42}},"type":"if","locations":[{"start":{"line":31,"column":2},"end":{"line":31,"column":42}},{"start":{"line":31,"column":2},"end":{"line":31,"column":42}}],"line":31},"5":{"loc":{"start":{"line":32,"column":2},"end":{"line":32,"column":52}},"type":"if","locations":[{"start":{"line":32,"column":2},"end":{"line":32,"column":52}},{"start":{"line":32,"column":2},"end":{"line":32,"column":52}}],"line":32},"6":{"loc":{"start":{"line":33,"column":2},"end":{"line":33,"column":50}},"type":"if","locations":[{"start":{"line":33,"column":2},"end":{"line":33,"column":50}},{"start":{"line":33,"column":2},"end":{"line":33,"column":50}}],"line":33},"7":{"loc":{"start":{"line":34,"column":2},"end":{"line":38,"column":3}},"type":"if","locations":[{"start":{"line":34,"column":2},"end":{"line":38,"column":3}},{"start":{"line":34,"column":2},"end":{"line":38,"column":3}}],"line":34},"8":{"loc":{"start":{"line":35,"column":4},"end":{"line":35,"column":58}},"type":"if","locations":[{"start":{"line":35,"column":4},"end":{"line":35,"column":58}},{"start":{"line":35,"column":4},"end":{"line":35,"column":58}}],"line":35},"9":{"loc":{"start":{"line":35,"column":8},"end":{"line":35,"column":44}},"type":"binary-expr","locations":[{"start":{"line":35,"column":8},"end":{"line":35,"column":24}},{"start":{"line":35,"column":28},"end":{"line":35,"column":44}}],"line":35},"10":{"loc":{"start":{"line":36,"column":4},"end":{"line":36,"column":37}},"type":"if","locations":[{"start":{"line":36,"column":4},"end":{"line":36,"column":37}},{"start":{"line":36,"column":4},"end":{"line":36,"column":37}}],"line":36},"11":{"loc":{"start":{"line":39,"column":2},"end":{"line":39,"column":48}},"type":"if","locations":[{"start":{"line":39,"column":2},"end":{"line":39,"column":48}},{"start":{"line":39,"column":2},"end":{"line":39,"column":48}}],"line":39},"12":{"loc":{"start":{"line":43,"column":29},"end":{"line":43,"column":41}},"type":"default-arg","locations":[{"start":{"line":43,"column":37},"end":{"line":43,"column":41}}],"line":43},"13":{"loc":{"start":{"line":44,"column":2},"end":{"line":44,"column":81}},"type":"if","locations":[{"start":{"line":44,"column":2},"end":{"line":44,"column":81}},{"start":{"line":44,"column":2},"end":{"line":44,"column":81}}],"line":44},"14":{"loc":{"start":{"line":45,"column":2},"end":{"line":45,"column":46}},"type":"if","locations":[{"start":{"line":45,"column":2},"end":{"line":45,"column":46}},{"start":{"line":45,"column":2},"end":{"line":45,"column":46}}],"line":45},"15":{"loc":{"start":{"line":50,"column":25},"end":{"line":50,"column":38}},"type":"default-arg","locations":[{"start":{"line":50,"column":36},"end":{"line":50,"column":38}}],"line":50},"16":{"loc":{"start":{"line":50,"column":50},"end":{"line":50,"column":64}},"type":"default-arg","locations":[{"start":{"line":50,"column":62},"end":{"line":50,"column":64}}],"line":50},"17":{"loc":{"start":{"line":54,"column":4},"end":{"line":56,"column":5}},"type":"if","locations":[{"start":{"line":54,"column":4},"end":{"line":56,"column":5}},{"start":{"line":54,"column":4},"end":{"line":56,"column":5}}],"line":54}},"s":{"0":7,"1":99,"2":100,"3":119,"4":7,"5":65,"6":7,"7":23,"8":7,"9":32,"10":7,"11":28,"12":7,"13":2,"14":2,"15":7,"16":23,"17":35,"18":48,"19":2,"20":28,"21":34,"22":55,"23":7,"24":458,"25":458,"26":2,"27":456,"28":68,"29":388,"30":32,"31":356,"32":149,"33":13,"34":136,"35":14,"36":122,"37":207,"38":124,"39":83,"40":7,"41":291,"42":291,"43":168,"44":335,"45":123,"46":71,"47":52,"48":7,"49":108,"50":108,"51":1,"52":1,"53":0,"54":7,"55":2},"f":{"0":99,"1":100,"2":119,"3":65,"4":23,"5":32,"6":28,"7":2,"8":2,"9":23,"10":35,"11":48,"12":2,"13":28,"14":34,"15":55,"16":458,"17":458,"18":291,"19":291,"20":335,"21":108,"22":2},"b":{"0":[100,92,75],"1":[65,34,33],"2":[32,9,8],"3":[2],"4":[2,456],"5":[68,388],"6":[32,356],"7":[149,207],"8":[13,136],"9":[149,135],"10":[14,122],"11":[124,83],"12":[0],"13":[168,123],"14":[71,52],"15":[1],"16":[52],"17":[1,0]},"_coverageSchema":"332fd63041d2c1bcb487cc26dd0d5f7d97098a6c","hash":"3cccf70e18767c24e0b58f52df1553115315fecf"}
}
