TN:
SF:/home/israel/PROJETOS/SimpleWebWorker/simple-web-worker/src/create.js
FN:7,(anonymous_0)
FN:15,(anonymous_1)
FNF:2
FNH:2
FNDA:12,(anonymous_0)
FNDA:16,(anonymous_1)
DA:7,1
DA:8,12
DA:15,1
DA:16,16
DA:17,4
DA:25,12
DA:26,12
LF:7
LH:7
BRDA:15,0,0,2
BRDA:16,1,0,4
BRDA:16,1,1,12
BRF:3
BRH:3
end_of_record
TN:
SF:/home/israel/PROJETOS/SimpleWebWorker/simple-web-worker/src/createDisposableWorker.js
FN:1,(anonymous_0)
FN:6,(anonymous_1)
FN:7,(anonymous_2)
FN:8,(anonymous_3)
FN:12,(anonymous_4)
FNF:5
FNH:0
FNDA:0,(anonymous_0)
FNDA:0,(anonymous_1)
FNDA:0,(anonymous_2)
FNDA:0,(anonymous_3)
FNDA:0,(anonymous_4)
DA:1,3
DA:2,0
DA:3,0
DA:4,0
DA:5,0
DA:6,0
DA:7,0
DA:8,0
DA:9,0
DA:10,0
DA:12,0
DA:13,0
DA:14,0
DA:16,0
DA:18,0
LF:15
LH:1
BRDA:2,0,0,0
BRDA:2,0,1,0
BRF:2
BRH:0
end_of_record
TN:
SF:/home/israel/PROJETOS/SimpleWebWorker/simple-web-worker/src/index.js
FN:4,createWrapper
FNF:1
FNH:0
FNDA:0,createWrapper
DA:1,0
DA:2,0
DA:4,0
DA:5,0
DA:6,0
DA:7,0
DA:9,0
DA:10,0
DA:11,0
DA:13,0
DA:16,0
LF:11
LH:0
BRDA:5,0,0,0
BRDA:5,0,1,0
BRDA:9,1,0,0
BRDA:9,1,1,0
BRDA:9,2,0,0
BRDA:9,2,1,0
BRF:6
BRH:0
end_of_record
TN:
SF:/home/israel/PROJETOS/SimpleWebWorker/simple-web-worker/src/post.js
FN:4,(anonymous_0)
FN:9,(anonymous_1)
FN:9,(anonymous_2)
FN:14,(anonymous_3)
FN:15,(anonymous_4)
FNF:5
FNH:5
FNDA:2,(anonymous_0)
FNDA:5,(anonymous_1)
FNDA:41,(anonymous_2)
FNDA:56,(anonymous_3)
FNDA:12,(anonymous_4)
DA:4,2
DA:5,2
DA:6,2
DA:9,5
DA:10,41
DA:11,41
DA:12,41
DA:13,14
DA:14,56
DA:15,12
DA:18,14
DA:19,12
DA:20,6
DA:23,27
DA:24,27
DA:25,27
LF:16
LH:16
BRDA:9,0,0,3
BRDA:12,1,0,14
BRDA:12,1,1,27
BRDA:12,2,0,41
BRDA:12,2,1,26
BRDA:18,3,0,2
BRDA:18,3,1,12
BRDA:19,4,0,6
BRDA:19,4,1,6
BRDA:23,5,0,15
BRDA:23,5,1,12
BRDA:24,6,0,12
BRDA:24,6,1,15
BRF:13
BRH:13
end_of_record
TN:
SF:/home/israel/PROJETOS/SimpleWebWorker/simple-web-worker/src/postAll.js
FN:4,(anonymous_0)
FN:13,postAll
FN:15,(anonymous_2)
FN:17,(anonymous_3)
FN:18,(anonymous_4)
FN:21,(anonymous_5)
FN:22,(anonymous_6)
FN:25,(anonymous_7)
FN:26,(anonymous_8)
FNF:9
FNH:9
FNDA:30,(anonymous_0)
FNDA:38,postAll
FNDA:4,(anonymous_2)
FNDA:10,(anonymous_3)
FNDA:3,(anonymous_4)
FNDA:8,(anonymous_5)
FNDA:3,(anonymous_6)
FNDA:14,(anonymous_7)
FNDA:12,(anonymous_8)
DA:4,2
DA:5,30
DA:14,38
DA:15,10
DA:17,10
DA:18,3
DA:21,8
DA:22,3
DA:25,14
DA:26,12
DA:30,30
DA:31,30
LF:12
LH:12
BRDA:13,0,0,1
BRDA:14,1,0,10
BRDA:14,1,1,28
BRDA:15,2,0,1
BRDA:15,2,1,9
BRDA:17,3,0,2
BRDA:17,3,1,7
BRDA:21,4,0,2
BRDA:21,4,1,5
BRDA:21,5,0,8
BRDA:21,5,1,8
BRDA:25,6,0,3
BRDA:25,6,1,2
BRDA:25,7,0,5
BRDA:25,7,1,5
BRF:15
BRH:15
end_of_record
TN:
SF:/home/israel/PROJETOS/SimpleWebWorker/simple-web-worker/src/register.js
FN:3,(anonymous_0)
FN:3,(anonymous_1)
FN:4,(anonymous_2)
FN:6,(anonymous_3)
FN:9,(anonymous_4)
FN:9,(anonymous_5)
FN:17,(anonymous_6)
FN:25,(anonymous_7)
FN:25,(anonymous_8)
FN:28,(anonymous_9)
FNF:10
FNH:10
FNDA:24,(anonymous_0)
FNDA:24,(anonymous_1)
FNDA:32,(anonymous_2)
FNDA:10,(anonymous_3)
FNDA:24,(anonymous_4)
FNDA:24,(anonymous_5)
FNDA:10,(anonymous_6)
FNDA:28,(anonymous_7)
FNDA:24,(anonymous_8)
FNDA:18,(anonymous_9)
DA:3,24
DA:4,32
DA:6,2
DA:7,10
DA:9,24
DA:10,24
DA:11,10
DA:12,10
DA:14,14
DA:17,2
DA:18,10
DA:25,28
DA:26,24
DA:27,14
DA:28,8
DA:29,18
DA:30,18
DA:34,6
DA:36,10
DA:37,10
LF:20
LH:20
BRDA:10,0,0,10
BRDA:10,0,1,14
BRDA:25,1,0,2
BRDA:26,2,0,14
BRDA:26,2,1,10
BRDA:27,3,0,8
BRDA:27,3,1,6
BRF:7
BRH:7
end_of_record
TN:
SF:/home/israel/PROJETOS/SimpleWebWorker/simple-web-worker/src/run.js
FN:4,(anonymous_0)
FNF:1
FNH:1
FNDA:36,(anonymous_0)
DA:4,3
DA:5,36
DA:6,36
DA:7,36
DA:8,22
DA:9,22
DA:11,14
DA:12,14
DA:13,14
LF:9
LH:9
BRDA:4,0,0,2
BRDA:7,1,0,22
BRDA:7,1,1,14
BRDA:7,2,0,36
BRDA:7,2,1,28
BRDA:11,3,0,8
BRDA:11,3,1,6
BRDA:12,4,0,6
BRDA:12,4,1,8
BRF:9
BRH:9
end_of_record
TN:
SF:/home/israel/PROJETOS/SimpleWebWorker/simple-web-worker/src/unregister.js
FN:3,(anonymous_0)
FN:3,(anonymous_1)
FN:4,(anonymous_2)
FN:11,(anonymous_3)
FN:18,(anonymous_4)
FN:18,(anonymous_5)
FN:21,(anonymous_6)
FNF:7
FNH:7
FNDA:16,(anonymous_0)
FNDA:16,(anonymous_1)
FNDA:20,(anonymous_2)
FNDA:10,(anonymous_3)
FNDA:24,(anonymous_4)
FNDA:20,(anonymous_5)
FNDA:12,(anonymous_6)
DA:3,16
DA:4,20
DA:5,16
DA:8,16
DA:11,2
DA:12,10
DA:18,24
DA:19,20
DA:20,10
DA:21,6
DA:22,12
DA:23,12
DA:26,4
DA:29,10
DA:30,10
LF:15
LH:15
BRDA:5,0,0,8
BRDA:5,0,1,8
BRDA:18,1,0,2
BRDA:19,2,0,10
BRDA:19,2,1,10
BRDA:20,3,0,6
BRDA:20,3,1,4
BRF:7
BRH:7
end_of_record
TN:
SF:/home/israel/PROJETOS/SimpleWebWorker/simple-web-worker/src/utils.js
FN:2,(anonymous_0)
FN:2,(anonymous_1)
FN:3,(anonymous_2)
FN:5,(anonymous_3)
FN:10,(anonymous_4)
FN:12,(anonymous_5)
FN:17,(anonymous_6)
FN:19,(anonymous_7)
FN:19,(anonymous_8)
FN:23,(anonymous_9)
FN:24,(anonymous_10)
FN:24,(anonymous_11)
FN:25,(anonymous_12)
FN:26,(anonymous_13)
FN:27,(anonymous_14)
FN:27,(anonymous_15)
FN:30,(anonymous_16)
FN:30,(anonymous_17)
FN:43,(anonymous_18)
FN:43,(anonymous_19)
FN:44,(anonymous_20)
FN:50,(anonymous_21)
FN:62,(anonymous_22)
FNF:23
FNH:23
FNDA:99,(anonymous_0)
FNDA:100,(anonymous_1)
FNDA:119,(anonymous_2)
FNDA:65,(anonymous_3)
FNDA:23,(anonymous_4)
FNDA:32,(anonymous_5)
FNDA:28,(anonymous_6)
FNDA:2,(anonymous_7)
FNDA:2,(anonymous_8)
FNDA:23,(anonymous_9)
FNDA:35,(anonymous_10)
FNDA:48,(anonymous_11)
FNDA:2,(anonymous_12)
FNDA:28,(anonymous_13)
FNDA:34,(anonymous_14)
FNDA:55,(anonymous_15)
FNDA:458,(anonymous_16)
FNDA:458,(anonymous_17)
FNDA:291,(anonymous_18)
FNDA:291,(anonymous_19)
FNDA:335,(anonymous_20)
FNDA:108,(anonymous_21)
FNDA:2,(anonymous_22)
DA:2,99
DA:3,119
DA:5,7
DA:6,65
DA:10,23
DA:12,7
DA:13,32
DA:17,28
DA:19,7
DA:20,2
DA:22,7
DA:23,23
DA:24,48
DA:25,2
DA:26,28
DA:27,55
DA:30,458
DA:31,458
DA:32,456
DA:33,388
DA:34,356
DA:35,149
DA:36,136
DA:37,122
DA:39,207
DA:40,83
DA:43,291
DA:44,335
DA:45,123
DA:46,52
DA:50,7
DA:51,108
DA:52,108
DA:54,1
DA:55,1
DA:57,0
DA:62,7
LF:37
LH:36
BRDA:3,0,0,100
BRDA:3,0,1,92
BRDA:3,0,2,75
BRDA:6,1,0,65
BRDA:6,1,1,34
BRDA:6,1,2,33
BRDA:13,2,0,32
BRDA:13,2,1,9
BRDA:13,2,2,8
BRDA:19,3,0,2
BRDA:31,4,0,2
BRDA:31,4,1,456
BRDA:32,5,0,68
BRDA:32,5,1,388
BRDA:33,6,0,32
BRDA:33,6,1,356
BRDA:34,7,0,149
BRDA:34,7,1,207
BRDA:35,8,0,13
BRDA:35,8,1,136
BRDA:35,9,0,149
BRDA:35,9,1,135
BRDA:36,10,0,14
BRDA:36,10,1,122
BRDA:39,11,0,124
BRDA:39,11,1,83
BRDA:43,12,0,0
BRDA:44,13,0,168
BRDA:44,13,1,123
BRDA:45,14,0,71
BRDA:45,14,1,52
BRDA:50,15,0,1
BRDA:50,16,0,52
BRDA:54,17,0,1
BRDA:54,17,1,0
BRF:35
BRH:33
end_of_record
